INFO:GENERAL_LOGGER - 18-03-2025; 12:31:PROCESS STARTED
INFO:GENERAL_LOGGER - 18-03-2025; 12:32:PROCESS STARTED
INFO:GENERAL_LOGGER:Dataset loaded locally
INFO:GENERAL_LOGGER:>>> Data loading - Done (0.02)
INFO:GENERAL_LOGGER:>>> Preprocess - Done (7.89)
DEBUG:urllib3.connectionpool:Starting new HTTPS connection (1): huggingface.co:443
DEBUG:urllib3.connectionpool:https://huggingface.co:443 "HEAD /answerdotai/ModernBERT-base/resolve/main/tokenizer_config.json HTTP/1.1" 200 0
INFO:GENERAL_LOGGER:>>> Tokenizer loading - Done (0.53)
INFO:GENERAL_LOGGER:>>> Tokenization - Done (24.99)
DEBUG:urllib3.connectionpool:https://huggingface.co:443 "HEAD /answerdotai/ModernBERT-base/resolve/main/config.json HTTP/1.1" 200 0
INFO:GENERAL_LOGGER:>>> Model loading - Done (0.59)
INFO:GENERAL_LOGGER:>>> Training start 18-03-2025; 12:32
INFO:GENERAL_LOGGER:>>> Training - Done (11.21)
INFO:GENERAL_LOGGER:Dataset loaded locally
INFO:GENERAL_LOGGER:>>> Data loading - Done (0.03)
INFO:GENERAL_LOGGER:>>> Preprocess - Done (8.14)
DEBUG:urllib3.connectionpool:https://huggingface.co:443 "HEAD /answerdotai/ModernBERT-base/resolve/main/tokenizer_config.json HTTP/1.1" 200 0
INFO:GENERAL_LOGGER:>>> Tokenizer loading - Done (0.18)
INFO:GENERAL_LOGGER:>>> Tokenization - Done (24.54)
DEBUG:urllib3.connectionpool:https://huggingface.co:443 "HEAD /answerdotai/ModernBERT-base/resolve/main/config.json HTTP/1.1" 200 0
INFO:GENERAL_LOGGER:>>> Model loading - Done (0.17)
INFO:GENERAL_LOGGER:>>> Training start 18-03-2025; 12:33
INFO:GENERAL_LOGGER:>>> Training - Done (8.62)
INFO:GENERAL_LOGGER:Dataset loaded locally
INFO:GENERAL_LOGGER:>>> Data loading - Done (0.17)
INFO:GENERAL_LOGGER:>>> Preprocess - Done (8.13)
DEBUG:urllib3.connectionpool:https://huggingface.co:443 "HEAD /answerdotai/ModernBERT-base/resolve/main/tokenizer_config.json HTTP/1.1" 200 0
INFO:GENERAL_LOGGER:>>> Tokenizer loading - Done (0.20)
INFO:GENERAL_LOGGER:>>> Tokenization - Done (31.70)
DEBUG:urllib3.connectionpool:https://huggingface.co:443 "HEAD /answerdotai/ModernBERT-base/resolve/main/config.json HTTP/1.1" 200 0
INFO:GENERAL_LOGGER:>>> Model loading - Done (0.16)
INFO:GENERAL_LOGGER:>>> Training start 18-03-2025; 12:34
ERROR:GENERAL_LOGGER:>>> Training stopped abruptely 18-03-2025; 12:34
INFO:GENERAL_LOGGER:>>> Training - Done (7.91)
